{
  "RSpec": {
    "coverage": {
      "/Users/matteomicozzi/Projects/makers/week10/Bank/spec/bank_spec.rb": {
        "lines": [
          1,
          1,
          null,
          1,
          1,
          1,
          1,
          1,
          null,
          null,
          1,
          1,
          1,
          1,
          null,
          1,
          1,
          1,
          1,
          null,
          null,
          1,
          1,
          1,
          1,
          1,
          null,
          null,
          1,
          1,
          1,
          1,
          1,
          null,
          null,
          1,
          1,
          1,
          1,
          1,
          1,
          null,
          null,
          1,
          1,
          1,
          1,
          1,
          1,
          1,
          null,
          null,
          null
        ]
      },
      "/Users/matteomicozzi/Projects/makers/week10/Bank/lib/account.rb": {
        "lines": [
          1,
          1,
          1,
          8,
          8,
          8,
          null,
          null,
          1,
          3,
          null,
          null,
          1,
          6,
          6,
          null,
          null,
          1,
          2,
          2,
          null,
          null,
          1,
          1,
          1,
          null,
          null
        ]
      },
      "/Users/matteomicozzi/Projects/makers/week10/Bank/lib/bank.rb": {
        "lines": [
          1,
          1,
          null,
          1,
          1,
          1,
          7,
          null,
          null,
          1,
          8,
          null,
          null,
          1,
          2,
          3,
          2,
          null,
          null,
          1,
          4,
          4,
          null,
          null
        ]
      }
    },
    "timestamp": 1599661430
  }
}
