{
  "RSpec": {
    "coverage": {
      "/Users/matteomicozzi/Projects/makers/week10/Bank/spec/account_spec.rb": {
        "lines": [
          1,
          1,
          null,
          1,
          1,
          1,
          1,
          null,
          null,
          1,
          1,
          1,
          1,
          null,
          null,
          1,
          1,
          1,
          1,
          1,
          null,
          null,
          null
        ]
      },
      "/Users/matteomicozzi/Projects/makers/week10/Bank/lib/account.rb": {
        "lines": [
          null,
          null,
          null,
          null,
          null,
          null,
          null,
          1,
          1,
          null,
          1,
          1,
          3,
          3,
          null,
          null,
          1,
          3,
          null,
          null,
          1,
          6,
          6,
          null,
          null,
          1,
          2,
          2,
          null,
          null,
          1,
          1,
          1,
          null,
          null
        ]
      },
      "/Users/matteomicozzi/Projects/makers/week10/Bank/lib/statement.rb": {
        "lines": [
          1,
          1,
          null,
          1,
          null,
          null
        ]
      }
    },
    "timestamp": 1599817161
  }
}
